
=== Fri Oct 23 18:25:44 2020

Packages were changed.
Update Mode: updateDependencies

The following packages were added:
  com.unity.2d.sprite@1.0.0
  com.unity.2d.tilemap@1.0.0
  com.unity.ide.rider@1.1.4
  com.unity.ide.vscode@1.2.1
  com.unity.modules.androidjni@1.0.0
  com.unity.test-framework@1.1.16
  com.unity.ugui@1.0.0
The following packages were updated:
  com.unity.ads from version 2.0.8 to 3.4.9
  com.unity.analytics from version 3.3.2 to 3.3.5
  com.unity.purchasing from version 2.0.6 to 2.1.0
  com.unity.timeline from version 1.0.0 to 1.2.6
The following packages were removed:
  com.unity.package-manager-ui@2.1.2

=== Fri Nov 13 17:05:20 2020

Packages were changed.
Update Mode: updateDependencies

The following packages were updated:
  com.unity.ads from version 3.4.9 to 3.5.0
  com.unity.ide.vscode from version 1.2.1 to 1.2.2
  com.unity.purchasing from version 2.1.0 to 2.1.1
  com.unity.test-framework from version 1.1.16 to 1.1.18
